{"id": 1, "timestamp": "2026-01-06T16:05:52.954790", "source": "user", "message": "<uploaded_files>\n/workspace/pylint-dev__pylint__2.15\n</uploaded_files>\n\nI've uploaded a python code repository in the directory pylint-dev__pylint__2.15. Consider the following issue description:\n\n<issue_description>\nrxg include '\\p{Han}' will throw error\n### Bug description\r\n\r\nconfig rxg in pylintrc with \\p{Han} will throw err\r\n\r\n### Configuration\r\n.pylintrc:\r\n\r\n```ini\r\nfunction-rgx=[\\p{Han}a-z_][\\p{Han}a-z0-9_]{2,30}$\r\n```\r\n\r\n### Command used\r\n\r\n```shell\r\npylint\r\n```\r\n\r\n\r\n### Pylint output\r\n\r\n```shell\r\n(venvtest) tsung-hande-MacBook-Pro:robot_is_comming tsung-han$ pylint\r\nTraceback (most recent call last):\r\n  File \"/Users/tsung-han/PycharmProjects/robot_is_comming/venvtest/bin/pylint\", line 8, in <module>\r\n    sys.exit(run_pylint())\r\n  File \"/Users/tsung-han/PycharmProjects/robot_is_comming/venvtest/lib/python3.9/site-packages/pylint/__init__.py\", line 25, in run_pylint\r\n    PylintRun(argv or sys.argv[1:])\r\n  File \"/Users/tsung-han/PycharmProjects/robot_is_comming/venvtest/lib/python3.9/site-packages/pylint/lint/run.py\", line 161, in __init__\r\n    args = _config_initialization(\r\n  File \"/Users/tsung-han/PycharmProjects/robot_is_comming/venvtest/lib/python3.9/site-packages/pylint/config/config_initialization.py\", line 57, in _config_initialization\r\n    linter._parse_configuration_file(config_args)\r\n  File \"/Users/tsung-han/PycharmProjects/robot_is_comming/venvtest/lib/python3.9/site-packages/pylint/config/arguments_manager.py\", line 244, in _parse_configuration_file\r\n    self.config, parsed_args = self._arg_parser.parse_known_args(\r\n  File \"/usr/local/Cellar/python@3.9/3.9.13_1/Frameworks/Python.framework/Versions/3.9/lib/python3.9/argparse.py\", line 1858, in parse_known_args\r\n    namespace, args = self._parse_known_args(args, namespace)\r\n  File \"/usr/local/Cellar/python@3.9/3.9.13_1/Frameworks/Python.framework/Versions/3.9/lib/python3.9/argparse.py\", line 2067, in _parse_known_args\r\n    start_index = consume_optional(start_index)\r\n  File \"/usr/local/Cellar/python@3.9/3.9.13_1/Frameworks/Python.framework/Versions/3.9/lib/python3.9/argparse.py\", line 2007, in consume_optional\r\n    take_action(action, args, option_string)\r\n  File \"/usr/local/Cellar/python@3.9/3.9.13_1/Frameworks/Python.framework/Versions/3.9/lib/python3.9/argparse.py\", line 1919, in take_action\r\n    argument_values = self._get_values(action, argument_strings)\r\n  File \"/usr/local/Cellar/python@3.9/3.9.13_1/Frameworks/Python.framework/Versions/3.9/lib/python3.9/argparse.py\", line 2450, in _get_values\r\n    value = self._get_value(action, arg_string)\r\n  File \"/usr/local/Cellar/python@3.9/3.9.13_1/Frameworks/Python.framework/Versions/3.9/lib/python3.9/argparse.py\", line 2483, in _get_value\r\n    result = type_func(arg_string)\r\n  File \"/usr/local/Cellar/python@3.9/3.9.13_1/Frameworks/Python.framework/Versions/3.9/lib/python3.9/re.py\", line 252, in compile\r\n    return _compile(pattern, flags)\r\n  File \"/usr/local/Cellar/python@3.9/3.9.13_1/Frameworks/Python.framework/Versions/3.9/lib/python3.9/re.py\", line 304, in _compile\r\n    p = sre_compile.compile(pattern, flags)\r\n  File \"/usr/local/Cellar/python@3.9/3.9.13_1/Frameworks/Python.framework/Versions/3.9/lib/python3.9/sre_compile.py\", line 788, in compile\r\n    p = sre_parse.parse(p, flags)\r\n  File \"/usr/local/Cellar/python@3.9/3.9.13_1/Frameworks/Python.framework/Versions/3.9/lib/python3.9/sre_parse.py\", line 955, in parse\r\n    p = _parse_sub(source, state, flags & SRE_FLAG_VERBOSE, 0)\r\n  File \"/usr/local/Cellar/python@3.9/3.9.13_1/Frameworks/Python.framework/Versions/3.9/lib/python3.9/sre_parse.py\", line 444, in _parse_sub\r\n    itemsappend(_parse(source, state, verbose, nested + 1,\r\n  File \"/usr/local/Cellar/python@3.9/3.9.13_1/Frameworks/Python.framework/Versions/3.9/lib/python3.9/sre_parse.py\", line 555, in _parse\r\n    code1 = _class_escape(source, this)\r\n  File \"/usr/local/Cellar/python@3.9/3.9.13_1/Frameworks/Python.framework/Versions/3.9/lib/python3.9/sre_parse.py\", line 350, in _class_escape\r\n    raise source.error('bad escape %s' % escape, len(escape))\r\nre.error: bad escape \\p at position 1\r\n```\r\n\r\n### Expected behavior\r\n\r\nnot throw error\r\n\r\n### Pylint version\r\n\r\n```shell\r\npylint 2.14.4\r\nastroid 2.11.7\r\nPython 3.9.13 (main, May 24 2022, 21:28:44) \r\n[Clang 13.0.0 (clang-1300.0.29.30)]\r\n```\r\n\r\n\r\n### OS / Environment\r\n\r\nmacOS 11.6.7\r\n\n\n</issue_description>\n\nCan you help me implement the necessary changes to the repository so that the requirements specified in the <issue_description> are met?\nI've already taken care of all changes to any of the test files described in the <issue_description>. This means you DON'T have to modify the testing logic or any of the tests in any way!\nAlso the development Python environment is already set up for you (i.e., all dependencies already installed), so you don't need to install other packages.\nYour task is to make the minimal changes to non-test files in the /workspace/pylint-dev__pylint__2.15 directory to ensure the <issue_description> is satisfied.\n\nFollow these phases to resolve the issue:\n\nPhase 1. READING: read the problem and reword it in clearer terms\n   1.1 If there are code or config snippets. Express in words any best practices or conventions in them.\n   1.2 Hightlight message errors, method names, variables, file names, stack traces, and technical details.\n   1.3 Explain the problem in clear terms.\n   1.4 Enumerate the steps to reproduce the problem.\n   1.5 Hightlight any best practices to take into account when testing and fixing the issue\n\nPhase 2. RUNNING: install and run the tests on the repository\n   2.1 Follow the readme\n   2.2 Install the environment and anything needed\n   2.2 Iterate and figure out how to run the tests\n\nPhase 3. EXPLORATION: find the files that are related to the problem and possible solutions\n   3.1 Use `grep` to search for relevant methods, classes, keywords and error messages.\n   3.2 Identify all files related to the problem statement.\n   3.3 Propose the methods and files to fix the issue and explain why.\n   3.4 From the possible file locations, select the most likely location to fix the issue.\n\nPhase 4. TEST CREATION: before implementing any fix, create a script to reproduce and verify the issue.\n   4.1 Look at existing test files in the repository to understand the test format/structure.\n   4.2 Create a minimal reproduction script that reproduces the located issue.\n   4.3 Run the reproduction script to confirm you are reproducing the issue.\n   4.4 Adjust the reproduction script as necessary.\n\nPhase 5. FIX ANALYSIS: state clearly the problem and how to fix it\n   5.1 State clearly what the problem is.\n   5.2 State clearly where the problem is located.\n   5.3 State clearly how the test reproduces the issue.\n   5.4 State clearly the best practices to take into account in the fix.\n   5.5 State clearly how to fix the problem.\n\nPhase 6. FIX IMPLEMENTATION: Edit the source code to implement your chosen solution.\n   6.1 Make minimal, focused changes to fix the issue.\n\nPhase 7. VERIFICATION: Test your implementation thoroughly.\n   7.1 Run your reproduction script to verify the fix works.\n   7.2 Add edge cases to your test script to ensure comprehensive coverage.\n   7.3 Run existing tests related to the modified code to ensure you haven't broken anything.\n\n8. FINAL REVIEW: Carefully re-read the problem description and compare your changes with the base commit d597f252915ddcaaa15ccdfcb35670152cb83587.\n   8.1 Ensure you've fully addressed all requirements.\n   8.2 Run any tests in the repository related to:\n     8.2.1 The issue you are fixing\n     8.2.2 The files you modified\n     8.2.3 The functions you changed\n   8.3 If any tests fail, revise your implementation until all tests pass\n\nBe thorough in your exploration, testing, and reasoning. It's fine if your thinking process is lengthy - quality and completeness are more important than brevity.", "action": "message", "args": {"content": "<uploaded_files>\n/workspace/pylint-dev__pylint__2.15\n</uploaded_files>\n\nI've uploaded a python code repository in the directory pylint-dev__pylint__2.15. Consider the following issue description:\n\n<issue_description>\nrxg include '\\p{Han}' will throw error\n### Bug description\r\n\r\nconfig rxg in pylintrc with \\p{Han} will throw err\r\n\r\n### Configuration\r\n.pylintrc:\r\n\r\n```ini\r\nfunction-rgx=[\\p{Han}a-z_][\\p{Han}a-z0-9_]{2,30}$\r\n```\r\n\r\n### Command used\r\n\r\n```shell\r\npylint\r\n```\r\n\r\n\r\n### Pylint output\r\n\r\n```shell\r\n(venvtest) tsung-hande-MacBook-Pro:robot_is_comming tsung-han$ pylint\r\nTraceback (most recent call last):\r\n  File \"/Users/tsung-han/PycharmProjects/robot_is_comming/venvtest/bin/pylint\", line 8, in <module>\r\n    sys.exit(run_pylint())\r\n  File \"/Users/tsung-han/PycharmProjects/robot_is_comming/venvtest/lib/python3.9/site-packages/pylint/__init__.py\", line 25, in run_pylint\r\n    PylintRun(argv or sys.argv[1:])\r\n  File \"/Users/tsung-han/PycharmProjects/robot_is_comming/venvtest/lib/python3.9/site-packages/pylint/lint/run.py\", line 161, in __init__\r\n    args = _config_initialization(\r\n  File \"/Users/tsung-han/PycharmProjects/robot_is_comming/venvtest/lib/python3.9/site-packages/pylint/config/config_initialization.py\", line 57, in _config_initialization\r\n    linter._parse_configuration_file(config_args)\r\n  File \"/Users/tsung-han/PycharmProjects/robot_is_comming/venvtest/lib/python3.9/site-packages/pylint/config/arguments_manager.py\", line 244, in _parse_configuration_file\r\n    self.config, parsed_args = self._arg_parser.parse_known_args(\r\n  File \"/usr/local/Cellar/python@3.9/3.9.13_1/Frameworks/Python.framework/Versions/3.9/lib/python3.9/argparse.py\", line 1858, in parse_known_args\r\n    namespace, args = self._parse_known_args(args, namespace)\r\n  File \"/usr/local/Cellar/python@3.9/3.9.13_1/Frameworks/Python.framework/Versions/3.9/lib/python3.9/argparse.py\", line 2067, in _parse_known_args\r\n    start_index = consume_optional(start_index)\r\n  File \"/usr/local/Cellar/python@3.9/3.9.13_1/Frameworks/Python.framework/Versions/3.9/lib/python3.9/argparse.py\", line 2007, in consume_optional\r\n    take_action(action, args, option_string)\r\n  File \"/usr/local/Cellar/python@3.9/3.9.13_1/Frameworks/Python.framework/Versions/3.9/lib/python3.9/argparse.py\", line 1919, in take_action\r\n    argument_values = self._get_values(action, argument_strings)\r\n  File \"/usr/local/Cellar/python@3.9/3.9.13_1/Frameworks/Python.framework/Versions/3.9/lib/python3.9/argparse.py\", line 2450, in _get_values\r\n    value = self._get_value(action, arg_string)\r\n  File \"/usr/local/Cellar/python@3.9/3.9.13_1/Frameworks/Python.framework/Versions/3.9/lib/python3.9/argparse.py\", line 2483, in _get_value\r\n    result = type_func(arg_string)\r\n  File \"/usr/local/Cellar/python@3.9/3.9.13_1/Frameworks/Python.framework/Versions/3.9/lib/python3.9/re.py\", line 252, in compile\r\n    return _compile(pattern, flags)\r\n  File \"/usr/local/Cellar/python@3.9/3.9.13_1/Frameworks/Python.framework/Versions/3.9/lib/python3.9/re.py\", line 304, in _compile\r\n    p = sre_compile.compile(pattern, flags)\r\n  File \"/usr/local/Cellar/python@3.9/3.9.13_1/Frameworks/Python.framework/Versions/3.9/lib/python3.9/sre_compile.py\", line 788, in compile\r\n    p = sre_parse.parse(p, flags)\r\n  File \"/usr/local/Cellar/python@3.9/3.9.13_1/Frameworks/Python.framework/Versions/3.9/lib/python3.9/sre_parse.py\", line 955, in parse\r\n    p = _parse_sub(source, state, flags & SRE_FLAG_VERBOSE, 0)\r\n  File \"/usr/local/Cellar/python@3.9/3.9.13_1/Frameworks/Python.framework/Versions/3.9/lib/python3.9/sre_parse.py\", line 444, in _parse_sub\r\n    itemsappend(_parse(source, state, verbose, nested + 1,\r\n  File \"/usr/local/Cellar/python@3.9/3.9.13_1/Frameworks/Python.framework/Versions/3.9/lib/python3.9/sre_parse.py\", line 555, in _parse\r\n    code1 = _class_escape(source, this)\r\n  File \"/usr/local/Cellar/python@3.9/3.9.13_1/Frameworks/Python.framework/Versions/3.9/lib/python3.9/sre_parse.py\", line 350, in _class_escape\r\n    raise source.error('bad escape %s' % escape, len(escape))\r\nre.error: bad escape \\p at position 1\r\n```\r\n\r\n### Expected behavior\r\n\r\nnot throw error\r\n\r\n### Pylint version\r\n\r\n```shell\r\npylint 2.14.4\r\nastroid 2.11.7\r\nPython 3.9.13 (main, May 24 2022, 21:28:44) \r\n[Clang 13.0.0 (clang-1300.0.29.30)]\r\n```\r\n\r\n\r\n### OS / Environment\r\n\r\nmacOS 11.6.7\r\n\n\n</issue_description>\n\nCan you help me implement the necessary changes to the repository so that the requirements specified in the <issue_description> are met?\nI've already taken care of all changes to any of the test files described in the <issue_description>. This means you DON'T have to modify the testing logic or any of the tests in any way!\nAlso the development Python environment is already set up for you (i.e., all dependencies already installed), so you don't need to install other packages.\nYour task is to make the minimal changes to non-test files in the /workspace/pylint-dev__pylint__2.15 directory to ensure the <issue_description> is satisfied.\n\nFollow these phases to resolve the issue:\n\nPhase 1. READING: read the problem and reword it in clearer terms\n   1.1 If there are code or config snippets. Express in words any best practices or conventions in them.\n   1.2 Hightlight message errors, method names, variables, file names, stack traces, and technical details.\n   1.3 Explain the problem in clear terms.\n   1.4 Enumerate the steps to reproduce the problem.\n   1.5 Hightlight any best practices to take into account when testing and fixing the issue\n\nPhase 2. RUNNING: install and run the tests on the repository\n   2.1 Follow the readme\n   2.2 Install the environment and anything needed\n   2.2 Iterate and figure out how to run the tests\n\nPhase 3. EXPLORATION: find the files that are related to the problem and possible solutions\n   3.1 Use `grep` to search for relevant methods, classes, keywords and error messages.\n   3.2 Identify all files related to the problem statement.\n   3.3 Propose the methods and files to fix the issue and explain why.\n   3.4 From the possible file locations, select the most likely location to fix the issue.\n\nPhase 4. TEST CREATION: before implementing any fix, create a script to reproduce and verify the issue.\n   4.1 Look at existing test files in the repository to understand the test format/structure.\n   4.2 Create a minimal reproduction script that reproduces the located issue.\n   4.3 Run the reproduction script to confirm you are reproducing the issue.\n   4.4 Adjust the reproduction script as necessary.\n\nPhase 5. FIX ANALYSIS: state clearly the problem and how to fix it\n   5.1 State clearly what the problem is.\n   5.2 State clearly where the problem is located.\n   5.3 State clearly how the test reproduces the issue.\n   5.4 State clearly the best practices to take into account in the fix.\n   5.5 State clearly how to fix the problem.\n\nPhase 6. FIX IMPLEMENTATION: Edit the source code to implement your chosen solution.\n   6.1 Make minimal, focused changes to fix the issue.\n\nPhase 7. VERIFICATION: Test your implementation thoroughly.\n   7.1 Run your reproduction script to verify the fix works.\n   7.2 Add edge cases to your test script to ensure comprehensive coverage.\n   7.3 Run existing tests related to the modified code to ensure you haven't broken anything.\n\n8. FINAL REVIEW: Carefully re-read the problem description and compare your changes with the base commit d597f252915ddcaaa15ccdfcb35670152cb83587.\n   8.1 Ensure you've fully addressed all requirements.\n   8.2 Run any tests in the repository related to:\n     8.2.1 The issue you are fixing\n     8.2.2 The files you modified\n     8.2.3 The functions you changed\n   8.3 If any tests fail, revise your implementation until all tests pass\n\nBe thorough in your exploration, testing, and reasoning. It's fine if your thinking process is lengthy - quality and completeness are more important than brevity.", "file_urls": null, "image_urls": null, "wait_for_response": false, "security_risk": -1}}